Active-HDL 11.1.263.7352 2021-04-27 21:13:37

Elaboration top modules:
Architecture                  TB_ARCHITECTURE(euclideandistance_tb)


-------------------------------------------------------------------------------------------------------------
Entity               | Architecture    | Library      | Info | Compiler Version        | Compilation Options
-------------------------------------------------------------------------------------------------------------
euclideandistance_tb | TB_ARCHITECTURE | finalproject |      | 11.1.263.7352 (Windows) | -O3 -2008
EuclideanDistance    | arch            | finalproject |      | 11.1.263.7352 (Windows) | -O3 -2008
sqrt                 | SYN             | finalproject |      | 11.1.263.7352 (Windows) | -O3 -2008
altsqrt              | behavior        | altera_mf    |      | 11.1.261.7351 (Windows) | -vendor Intel -93
-------------------------------------------------------------------------------------------------------------

-------------------------------------------------------------------------------------------------------------
VHDL Package                           | Library      | Info | Compiler Version        | Compilation Options
-------------------------------------------------------------------------------------------------------------
standard                               | std          |      |                         | <unavailable>
TEXTIO                                 | std          |      |                         | <unavailable>
std_logic_1164                         | ieee         |      |                         | <unavailable>
NUMERIC_STD                            | ieee         |      |                         | <unavailable>
Common                                 | finalproject |      |                         | <unavailable>
ALTERA_COMMON_CONVERSION               | altera_mf    |      |                         | <unavailable>
std_logic_arith                        | ieee         |      |                         | <unavailable>
STD_LOGIC_UNSIGNED                     | ieee         |      |                         | <unavailable>
-------------------------------------------------------------------------------------------------------------

-------------------------------------------------------------------------------------------------------------
Library                                | Comment
-------------------------------------------------------------------------------------------------------------
altera_mf                              | Intel FPGA Quartus Prime Standard 19.1, ALTERA_MF VHDL library
finalproject                           | None
ieee                                   | Standard IEEE packages library
std                                    | Standard VHDL library
-------------------------------------------------------------------------------------------------------------
